<?xml version="1.0" encoding="UTF-8"?>
<testng-results ignored="0" total="15" passed="15" failed="0" skipped="0">
  <reporter-output>
  </reporter-output>
  <suite started-at="2022-09-22T13:21:10 IST" name="Suite" finished-at="2022-09-22T13:23:20 IST" duration-ms="130453">
    <groups>
    </groups>
    <test started-at="2022-09-22T13:21:10 IST" name="Test" finished-at="2022-09-22T13:23:20 IST" duration-ms="130453">
      <class name="org.testNGTourismManagementScriptsTest.LoginToApplicationWithMultipleUsersTest">
        <test-method is-config="true" signature="classSetup()[pri:0, instance:org.testNGTourismManagementScriptsTest.LoginToApplicationWithMultipleUsersTest@1a942c18]" started-at="2022-09-22T13:22:37 IST" name="classSetup" finished-at="2022-09-22T13:22:41 IST" duration-ms="3736" status="PASS">
          <reporter-output>
          </reporter-output>
        </test-method> <!-- classSetup -->
        <test-method is-config="true" signature="methodSetup()[pri:0, instance:org.testNGTourismManagementScriptsTest.LoginToApplicationWithMultipleUsersTest@1a942c18]" started-at="2022-09-22T13:22:41 IST" name="methodSetup" finished-at="2022-09-22T13:22:41 IST" duration-ms="19" status="PASS">
          <reporter-output>
          </reporter-output>
        </test-method> <!-- methodSetup -->
        <test-method signature="loginWithMultipleUsers(java.lang.String,java.lang.String)[pri:0, instance:org.testNGTourismManagementScriptsTest.LoginToApplicationWithMultipleUsersTest@1a942c18]" started-at="2022-09-22T13:22:41 IST" name="loginWithMultipleUsers" data-provider="getFromExcel" finished-at="2022-09-22T13:22:44 IST" duration-ms="3498" status="PASS">
          <params>
            <param index="0">
              <value>
                <![CDATA[shali@gmail.com]]>
              </value>
            </param>
            <param index="1">
              <value>
                <![CDATA[shali123]]>
              </value>
            </param>
          </params>
          <reporter-output>
          </reporter-output>
        </test-method> <!-- loginWithMultipleUsers -->
        <test-method is-config="true" signature="methodSetup()[pri:0, instance:org.testNGTourismManagementScriptsTest.LoginToApplicationWithMultipleUsersTest@1a942c18]" started-at="2022-09-22T13:22:44 IST" name="methodSetup" finished-at="2022-09-22T13:22:44 IST" duration-ms="3" status="PASS">
          <reporter-output>
          </reporter-output>
        </test-method> <!-- methodSetup -->
        <test-method signature="loginWithMultipleUsers(java.lang.String,java.lang.String)[pri:0, instance:org.testNGTourismManagementScriptsTest.LoginToApplicationWithMultipleUsersTest@1a942c18]" started-at="2022-09-22T13:22:44 IST" name="loginWithMultipleUsers" data-provider="getFromExcel" finished-at="2022-09-22T13:22:47 IST" duration-ms="2848" status="PASS">
          <params>
            <param index="0">
              <value>
                <![CDATA[ramya@gmail.com]]>
              </value>
            </param>
            <param index="1">
              <value>
                <![CDATA[ramya123]]>
              </value>
            </param>
          </params>
          <reporter-output>
          </reporter-output>
        </test-method> <!-- loginWithMultipleUsers -->
        <test-method is-config="true" signature="methodSetup()[pri:0, instance:org.testNGTourismManagementScriptsTest.LoginToApplicationWithMultipleUsersTest@1a942c18]" started-at="2022-09-22T13:22:47 IST" name="methodSetup" finished-at="2022-09-22T13:22:47 IST" duration-ms="3" status="PASS">
          <reporter-output>
          </reporter-output>
        </test-method> <!-- methodSetup -->
        <test-method signature="loginWithMultipleUsers(java.lang.String,java.lang.String)[pri:0, instance:org.testNGTourismManagementScriptsTest.LoginToApplicationWithMultipleUsersTest@1a942c18]" started-at="2022-09-22T13:22:47 IST" name="loginWithMultipleUsers" data-provider="getFromExcel" finished-at="2022-09-22T13:22:50 IST" duration-ms="2360" status="PASS">
          <params>
            <param index="0">
              <value>
                <![CDATA[pavni@gmail.com]]>
              </value>
            </param>
            <param index="1">
              <value>
                <![CDATA[pavni123]]>
              </value>
            </param>
          </params>
          <reporter-output>
          </reporter-output>
        </test-method> <!-- loginWithMultipleUsers -->
        <test-method is-config="true" signature="methodSetup()[pri:0, instance:org.testNGTourismManagementScriptsTest.LoginToApplicationWithMultipleUsersTest@1a942c18]" started-at="2022-09-22T13:22:50 IST" name="methodSetup" finished-at="2022-09-22T13:22:50 IST" duration-ms="2" status="PASS">
          <reporter-output>
          </reporter-output>
        </test-method> <!-- methodSetup -->
        <test-method signature="loginWithMultipleUsers(java.lang.String,java.lang.String)[pri:0, instance:org.testNGTourismManagementScriptsTest.LoginToApplicationWithMultipleUsersTest@1a942c18]" started-at="2022-09-22T13:22:50 IST" name="loginWithMultipleUsers" data-provider="getFromExcel" finished-at="2022-09-22T13:22:52 IST" duration-ms="2835" status="PASS">
          <params>
            <param index="0">
              <value>
                <![CDATA[abhijeet@gmail.com]]>
              </value>
            </param>
            <param index="1">
              <value>
                <![CDATA[abhi123]]>
              </value>
            </param>
          </params>
          <reporter-output>
          </reporter-output>
        </test-method> <!-- loginWithMultipleUsers -->
        <test-method is-config="true" signature="methodSetup()[pri:0, instance:org.testNGTourismManagementScriptsTest.LoginToApplicationWithMultipleUsersTest@1a942c18]" started-at="2022-09-22T13:22:52 IST" name="methodSetup" finished-at="2022-09-22T13:22:52 IST" duration-ms="21" status="PASS">
          <reporter-output>
          </reporter-output>
        </test-method> <!-- methodSetup -->
        <test-method signature="loginWithMultipleUsers(java.lang.String,java.lang.String)[pri:0, instance:org.testNGTourismManagementScriptsTest.LoginToApplicationWithMultipleUsersTest@1a942c18]" started-at="2022-09-22T13:22:52 IST" name="loginWithMultipleUsers" data-provider="getFromExcel" finished-at="2022-09-22T13:22:56 IST" duration-ms="3096" status="PASS">
          <params>
            <param index="0">
              <value>
                <![CDATA[maithri@gmail.com]]>
              </value>
            </param>
            <param index="1">
              <value>
                <![CDATA[maithri123]]>
              </value>
            </param>
          </params>
          <reporter-output>
          </reporter-output>
        </test-method> <!-- loginWithMultipleUsers -->
        <test-method is-config="true" signature="methodSetup()[pri:0, instance:org.testNGTourismManagementScriptsTest.LoginToApplicationWithMultipleUsersTest@1a942c18]" started-at="2022-09-22T13:22:56 IST" name="methodSetup" finished-at="2022-09-22T13:22:56 IST" duration-ms="3" status="PASS">
          <reporter-output>
          </reporter-output>
        </test-method> <!-- methodSetup -->
        <test-method signature="loginWithMultipleUsers(java.lang.String,java.lang.String)[pri:0, instance:org.testNGTourismManagementScriptsTest.LoginToApplicationWithMultipleUsersTest@1a942c18]" started-at="2022-09-22T13:22:56 IST" name="loginWithMultipleUsers" data-provider="getFromExcel" finished-at="2022-09-22T13:22:58 IST" duration-ms="2680" status="PASS">
          <params>
            <param index="0">
              <value>
                <![CDATA[prem@gmail.com]]>
              </value>
            </param>
            <param index="1">
              <value>
                <![CDATA[prem123]]>
              </value>
            </param>
          </params>
          <reporter-output>
          </reporter-output>
        </test-method> <!-- loginWithMultipleUsers -->
        <test-method is-config="true" signature="methodSetup()[pri:0, instance:org.testNGTourismManagementScriptsTest.LoginToApplicationWithMultipleUsersTest@1a942c18]" started-at="2022-09-22T13:22:58 IST" name="methodSetup" finished-at="2022-09-22T13:22:58 IST" duration-ms="5" status="PASS">
          <reporter-output>
          </reporter-output>
        </test-method> <!-- methodSetup -->
        <test-method signature="loginWithMultipleUsers(java.lang.String,java.lang.String)[pri:0, instance:org.testNGTourismManagementScriptsTest.LoginToApplicationWithMultipleUsersTest@1a942c18]" started-at="2022-09-22T13:22:58 IST" name="loginWithMultipleUsers" data-provider="getFromExcel" finished-at="2022-09-22T13:23:01 IST" duration-ms="2702" status="PASS">
          <params>
            <param index="0">
              <value>
                <![CDATA[akshatha@gmail.com]]>
              </value>
            </param>
            <param index="1">
              <value>
                <![CDATA[akshatha123]]>
              </value>
            </param>
          </params>
          <reporter-output>
          </reporter-output>
        </test-method> <!-- loginWithMultipleUsers -->
        <test-method is-config="true" signature="methodSetup()[pri:0, instance:org.testNGTourismManagementScriptsTest.LoginToApplicationWithMultipleUsersTest@1a942c18]" started-at="2022-09-22T13:23:01 IST" name="methodSetup" finished-at="2022-09-22T13:23:01 IST" duration-ms="3" status="PASS">
          <reporter-output>
          </reporter-output>
        </test-method> <!-- methodSetup -->
        <test-method signature="loginWithMultipleUsers(java.lang.String,java.lang.String)[pri:0, instance:org.testNGTourismManagementScriptsTest.LoginToApplicationWithMultipleUsersTest@1a942c18]" started-at="2022-09-22T13:23:01 IST" name="loginWithMultipleUsers" data-provider="getFromExcel" finished-at="2022-09-22T13:23:04 IST" duration-ms="2648" status="PASS">
          <params>
            <param index="0">
              <value>
                <![CDATA[manjush@gmail.com]]>
              </value>
            </param>
            <param index="1">
              <value>
                <![CDATA[manjush123]]>
              </value>
            </param>
          </params>
          <reporter-output>
          </reporter-output>
        </test-method> <!-- loginWithMultipleUsers -->
        <test-method is-config="true" signature="methodSetup()[pri:0, instance:org.testNGTourismManagementScriptsTest.LoginToApplicationWithMultipleUsersTest@1a942c18]" started-at="2022-09-22T13:23:04 IST" name="methodSetup" finished-at="2022-09-22T13:23:04 IST" duration-ms="13" status="PASS">
          <reporter-output>
          </reporter-output>
        </test-method> <!-- methodSetup -->
        <test-method signature="loginWithMultipleUsers(java.lang.String,java.lang.String)[pri:0, instance:org.testNGTourismManagementScriptsTest.LoginToApplicationWithMultipleUsersTest@1a942c18]" started-at="2022-09-22T13:23:04 IST" name="loginWithMultipleUsers" data-provider="getFromExcel" finished-at="2022-09-22T13:23:07 IST" duration-ms="2827" status="PASS">
          <params>
            <param index="0">
              <value>
                <![CDATA[siva@gmail.com]]>
              </value>
            </param>
            <param index="1">
              <value>
                <![CDATA[siva123]]>
              </value>
            </param>
          </params>
          <reporter-output>
          </reporter-output>
        </test-method> <!-- loginWithMultipleUsers -->
        <test-method is-config="true" signature="methodSetup()[pri:0, instance:org.testNGTourismManagementScriptsTest.LoginToApplicationWithMultipleUsersTest@1a942c18]" started-at="2022-09-22T13:23:07 IST" name="methodSetup" finished-at="2022-09-22T13:23:07 IST" duration-ms="2" status="PASS">
          <reporter-output>
          </reporter-output>
        </test-method> <!-- methodSetup -->
        <test-method signature="loginWithMultipleUsers(java.lang.String,java.lang.String)[pri:0, instance:org.testNGTourismManagementScriptsTest.LoginToApplicationWithMultipleUsersTest@1a942c18]" started-at="2022-09-22T13:23:07 IST" name="loginWithMultipleUsers" data-provider="getFromExcel" finished-at="2022-09-22T13:23:09 IST" duration-ms="2890" status="PASS">
          <params>
            <param index="0">
              <value>
                <![CDATA[rahul@gmail.com]]>
              </value>
            </param>
            <param index="1">
              <value>
                <![CDATA[rahul123]]>
              </value>
            </param>
          </params>
          <reporter-output>
          </reporter-output>
        </test-method> <!-- loginWithMultipleUsers -->
        <test-method is-config="true" signature="classTearDown()[pri:0, instance:org.testNGTourismManagementScriptsTest.LoginToApplicationWithMultipleUsersTest@1a942c18]" started-at="2022-09-22T13:23:09 IST" name="classTearDown" finished-at="2022-09-22T13:23:10 IST" duration-ms="613" status="PASS">
          <reporter-output>
          </reporter-output>
        </test-method> <!-- classTearDown -->
      </class> <!-- org.testNGTourismManagementScriptsTest.LoginToApplicationWithMultipleUsersTest -->
      <class name="org.testNGTourismManagementScriptsTest.CreatePackageAndCheckCountTest">
        <test-method is-config="true" signature="classSetup()[pri:0, instance:org.testNGTourismManagementScriptsTest.CreatePackageAndCheckCountTest@1e6a3214]" started-at="2022-09-22T13:21:36 IST" name="classSetup" finished-at="2022-09-22T13:21:40 IST" duration-ms="4051" status="PASS">
          <reporter-output>
          </reporter-output>
        </test-method> <!-- classSetup -->
        <test-method is-config="true" signature="methodSetup()[pri:0, instance:org.testNGTourismManagementScriptsTest.CreatePackageAndCheckCountTest@1e6a3214]" started-at="2022-09-22T13:21:40 IST" name="methodSetup" finished-at="2022-09-22T13:21:40 IST" duration-ms="11" status="PASS">
          <reporter-output>
          </reporter-output>
        </test-method> <!-- methodSetup -->
        <test-method signature="ThirdScriptTest()[pri:0, instance:org.testNGTourismManagementScriptsTest.CreatePackageAndCheckCountTest@1e6a3214]" started-at="2022-09-22T13:21:40 IST" name="ThirdScriptTest" finished-at="2022-09-22T13:21:50 IST" duration-ms="9693" status="PASS">
          <reporter-output>
          </reporter-output>
        </test-method> <!-- ThirdScriptTest -->
        <test-method is-config="true" signature="classTearDown()[pri:0, instance:org.testNGTourismManagementScriptsTest.CreatePackageAndCheckCountTest@1e6a3214]" started-at="2022-09-22T13:21:50 IST" name="classTearDown" finished-at="2022-09-22T13:21:51 IST" duration-ms="707" status="PASS">
          <reporter-output>
          </reporter-output>
        </test-method> <!-- classTearDown -->
      </class> <!-- org.testNGTourismManagementScriptsTest.CreatePackageAndCheckCountTest -->
      <class name="org.testNGTourismManagementScriptsTest.CreateAndBookSamePackageAndCheckCountTest">
        <test-method is-config="true" signature="classSetup()[pri:0, instance:org.testNGTourismManagementScriptsTest.CreateAndBookSamePackageAndCheckCountTest@1a6d8329]" started-at="2022-09-22T13:22:14 IST" name="classSetup" finished-at="2022-09-22T13:22:19 IST" duration-ms="4519" status="PASS">
          <reporter-output>
          </reporter-output>
        </test-method> <!-- classSetup -->
        <test-method is-config="true" signature="methodSetup()[pri:0, instance:org.testNGTourismManagementScriptsTest.CreateAndBookSamePackageAndCheckCountTest@1a6d8329]" started-at="2022-09-22T13:22:19 IST" name="methodSetup" finished-at="2022-09-22T13:22:19 IST" duration-ms="10" status="PASS">
          <reporter-output>
          </reporter-output>
        </test-method> <!-- methodSetup -->
        <test-method signature="bookPackageCheckCountIncreases()[pri:0, instance:org.testNGTourismManagementScriptsTest.CreateAndBookSamePackageAndCheckCountTest@1a6d8329]" started-at="2022-09-22T13:22:19 IST" name="bookPackageCheckCountIncreases" finished-at="2022-09-22T13:22:36 IST" duration-ms="17557" status="PASS">
          <reporter-output>
          </reporter-output>
        </test-method> <!-- bookPackageCheckCountIncreases -->
        <test-method is-config="true" signature="classTearDown()[pri:0, instance:org.testNGTourismManagementScriptsTest.CreateAndBookSamePackageAndCheckCountTest@1a6d8329]" started-at="2022-09-22T13:22:36 IST" name="classTearDown" finished-at="2022-09-22T13:22:37 IST" duration-ms="506" status="PASS">
          <reporter-output>
          </reporter-output>
        </test-method> <!-- classTearDown -->
      </class> <!-- org.testNGTourismManagementScriptsTest.CreateAndBookSamePackageAndCheckCountTest -->
      <class name="org.testNGTourismManagementScriptsTest.RaiseBookingasUserUpdateRemarkasAdminTest">
        <test-method is-config="true" signature="classSetup()[pri:0, instance:org.testNGTourismManagementScriptsTest.RaiseBookingasUserUpdateRemarkasAdminTest@368247b9]" started-at="2022-09-22T13:21:51 IST" name="classSetup" finished-at="2022-09-22T13:21:55 IST" duration-ms="4697" status="PASS">
          <reporter-output>
          </reporter-output>
        </test-method> <!-- classSetup -->
        <test-method is-config="true" signature="methodSetup()[pri:0, instance:org.testNGTourismManagementScriptsTest.RaiseBookingasUserUpdateRemarkasAdminTest@368247b9]" started-at="2022-09-22T13:21:55 IST" name="methodSetup" finished-at="2022-09-22T13:21:55 IST" duration-ms="22" status="PASS">
          <reporter-output>
          </reporter-output>
        </test-method> <!-- methodSetup -->
        <test-method signature="SecondScriptTest()[pri:0, instance:org.testNGTourismManagementScriptsTest.RaiseBookingasUserUpdateRemarkasAdminTest@368247b9]" started-at="2022-09-22T13:21:55 IST" name="SecondScriptTest" finished-at="2022-09-22T13:22:14 IST" duration-ms="18747" status="PASS">
          <reporter-output>
          </reporter-output>
        </test-method> <!-- SecondScriptTest -->
        <test-method is-config="true" signature="classTearDown()[pri:0, instance:org.testNGTourismManagementScriptsTest.RaiseBookingasUserUpdateRemarkasAdminTest@368247b9]" started-at="2022-09-22T13:22:14 IST" name="classTearDown" finished-at="2022-09-22T13:22:14 IST" duration-ms="1" status="PASS">
          <reporter-output>
          </reporter-output>
        </test-method> <!-- classTearDown -->
      </class> <!-- org.testNGTourismManagementScriptsTest.RaiseBookingasUserUpdateRemarkasAdminTest -->
      <class name="org.testNGTourismManagementScriptsTest.MakeEnquiryAndReaditAsAdminTest">
        <test-method is-config="true" signature="classSetup()[pri:0, instance:org.testNGTourismManagementScriptsTest.MakeEnquiryAndReaditAsAdminTest@6340e5f0]" started-at="2022-09-22T13:21:10 IST" name="classSetup" finished-at="2022-09-22T13:21:28 IST" duration-ms="17485" status="PASS">
          <reporter-output>
          </reporter-output>
        </test-method> <!-- classSetup -->
        <test-method is-config="true" signature="methodSetup()[pri:0, instance:org.testNGTourismManagementScriptsTest.MakeEnquiryAndReaditAsAdminTest@6340e5f0]" started-at="2022-09-22T13:21:28 IST" name="methodSetup" finished-at="2022-09-22T13:21:28 IST" duration-ms="26" status="PASS">
          <reporter-output>
          </reporter-output>
        </test-method> <!-- methodSetup -->
        <test-method signature="FifthScript()[pri:0, instance:org.testNGTourismManagementScriptsTest.MakeEnquiryAndReaditAsAdminTest@6340e5f0]" started-at="2022-09-22T13:21:28 IST" name="FifthScript" finished-at="2022-09-22T13:21:36 IST" duration-ms="7520" status="PASS">
          <reporter-output>
          </reporter-output>
        </test-method> <!-- FifthScript -->
        <test-method is-config="true" signature="classTearDown()[pri:0, instance:org.testNGTourismManagementScriptsTest.MakeEnquiryAndReaditAsAdminTest@6340e5f0]" started-at="2022-09-22T13:21:36 IST" name="classTearDown" finished-at="2022-09-22T13:21:36 IST" duration-ms="685" status="PASS">
          <reporter-output>
          </reporter-output>
        </test-method> <!-- classTearDown -->
      </class> <!-- org.testNGTourismManagementScriptsTest.MakeEnquiryAndReaditAsAdminTest -->
      <class name="org.testNGTourismManagementScriptsTest.CreateUserandCheckCountTest">
        <test-method is-config="true" signature="classSetup()[pri:0, instance:org.testNGTourismManagementScriptsTest.CreateUserandCheckCountTest@55a147cc]" started-at="2022-09-22T13:23:10 IST" name="classSetup" finished-at="2022-09-22T13:23:14 IST" duration-ms="3722" status="PASS">
          <reporter-output>
          </reporter-output>
        </test-method> <!-- classSetup -->
        <test-method is-config="true" signature="methodSetup()[pri:0, instance:org.testNGTourismManagementScriptsTest.CreateUserandCheckCountTest@55a147cc]" started-at="2022-09-22T13:23:14 IST" name="methodSetup" finished-at="2022-09-22T13:23:14 IST" duration-ms="89" status="PASS">
          <reporter-output>
          </reporter-output>
        </test-method> <!-- methodSetup -->
        <test-method signature="FirstScriptTest()[pri:0, instance:org.testNGTourismManagementScriptsTest.CreateUserandCheckCountTest@55a147cc]" started-at="2022-09-22T13:23:14 IST" name="FirstScriptTest" finished-at="2022-09-22T13:23:19 IST" duration-ms="5628" status="PASS">
          <reporter-output>
          </reporter-output>
        </test-method> <!-- FirstScriptTest -->
        <test-method is-config="true" signature="classTearDown()[pri:0, instance:org.testNGTourismManagementScriptsTest.CreateUserandCheckCountTest@55a147cc]" started-at="2022-09-22T13:23:19 IST" name="classTearDown" finished-at="2022-09-22T13:23:20 IST" duration-ms="508" status="PASS">
          <reporter-output>
          </reporter-output>
        </test-method> <!-- classTearDown -->
      </class> <!-- org.testNGTourismManagementScriptsTest.CreateUserandCheckCountTest -->
    </test> <!-- Test -->
  </suite> <!-- Suite -->
</testng-results>
