<?xml version="1.0" encoding="UTF-8"?>
<testng-results ignored="0" total="1" passed="1" failed="0" skipped="0">
  <reporter-output>
  </reporter-output>
  <suite started-at="2022-11-15T13:06:42 IST" name="Default suite" finished-at="2022-11-15T13:07:03 IST" duration-ms="20447">
    <groups>
    </groups>
    <test started-at="2022-11-15T13:06:42 IST" name="Default test" finished-at="2022-11-15T13:07:03 IST" duration-ms="20447">
      <class name="org.testNGTourismManagementScriptsTest.CreateUserandCheckCountTest">
        <test-method is-config="true" signature="classSetup()[pri:0, instance:org.testNGTourismManagementScriptsTest.CreateUserandCheckCountTest@537f60bf]" started-at="2022-11-15T13:06:43 IST" name="classSetup" finished-at="2022-11-15T13:06:54 IST" duration-ms="11452" status="PASS">
          <reporter-output>
          </reporter-output>
        </test-method> <!-- classSetup -->
        <test-method is-config="true" signature="methodSetup()[pri:0, instance:org.testNGTourismManagementScriptsTest.CreateUserandCheckCountTest@537f60bf]" started-at="2022-11-15T13:06:54 IST" name="methodSetup" finished-at="2022-11-15T13:06:54 IST" duration-ms="52" status="PASS">
          <reporter-output>
          </reporter-output>
        </test-method> <!-- methodSetup -->
        <test-method signature="FirstScriptTest()[pri:0, instance:org.testNGTourismManagementScriptsTest.CreateUserandCheckCountTest@537f60bf]" started-at="2022-11-15T13:06:54 IST" name="FirstScriptTest" finished-at="2022-11-15T13:07:02 IST" duration-ms="8181" status="PASS">
          <reporter-output>
          </reporter-output>
        </test-method> <!-- FirstScriptTest -->
        <test-method is-config="true" signature="classTearDown()[pri:0, instance:org.testNGTourismManagementScriptsTest.CreateUserandCheckCountTest@537f60bf]" started-at="2022-11-15T13:07:02 IST" name="classTearDown" finished-at="2022-11-15T13:07:03 IST" duration-ms="670" status="PASS">
          <reporter-output>
          </reporter-output>
        </test-method> <!-- classTearDown -->
      </class> <!-- org.testNGTourismManagementScriptsTest.CreateUserandCheckCountTest -->
    </test> <!-- Default test -->
  </suite> <!-- Default suite -->
</testng-results>
